<?xml version="1.0" encoding="UTF-8"?>
<testng-results skipped="0" failed="0" total="1" passed="1">
  <reporter-output>
  </reporter-output>
  <suite name="Suite1" duration-ms="70406" started-at="2016-09-20T17:00:08Z" finished-at="2016-09-20T17:01:18Z">
    <groups>
    </groups>
    <test name="RunningPortalSuite" duration-ms="70406" started-at="2016-09-20T17:00:08Z" finished-at="2016-09-20T17:01:18Z">
      <class name="com.Vdopia.portal.RunPortalSuite">
        <test-method status="PASS" signature="BeforeClass()[pri:0, instance:com.Vdopia.portal.RunPortalSuite@26653222]" name="BeforeClass" is-config="true" duration-ms="4348" started-at="2016-09-20T22:30:08Z" finished-at="2016-09-20T22:30:12Z">
          <reporter-output>
          </reporter-output>
        </test-method> <!-- BeforeClass -->
        <test-method status="PASS" signature="readTCSheet()[pri:0, instance:com.Vdopia.portal.RunPortalSuite@26653222]" name="readTCSheet" duration-ms="65907" started-at="2016-09-20T22:30:12Z" finished-at="2016-09-20T22:31:18Z">
          <reporter-output>
          </reporter-output>
        </test-method> <!-- readTCSheet -->
      </class> <!-- com.Vdopia.portal.RunPortalSuite -->
    </test> <!-- RunningPortalSuite -->
  </suite> <!-- Suite1 -->
</testng-results>
